<?xml version="1.0" encoding="UTF-8"?>
<testng-results ignored="0" total="2" passed="2" failed="0" skipped="0">
  <reporter-output>
  </reporter-output>
  <suite started-at="2022-01-26T17:40:53 IST" name="Suite" finished-at="2022-01-26T17:40:53 IST" duration-ms="57">
    <groups>
      <group name="regressionTest">
        <method signature="ContactTest.modifyContact()[pri:0, instance:com.crm.comcast.contact.ContactTest@693fe6c9]" name="modifyContact" class="com.crm.comcast.contact.ContactTest"/>
      </group> <!-- regressionTest -->
      <group name="smokeTest">
        <method signature="ContactTest.createContact()[pri:0, instance:com.crm.comcast.contact.ContactTest@693fe6c9]" name="createContact" class="com.crm.comcast.contact.ContactTest"/>
      </group> <!-- smokeTest -->
    </groups>
    <test started-at="2022-01-26T17:40:53 IST" name="Test" finished-at="2022-01-26T17:40:53 IST" duration-ms="57">
      <class name="com.crm.comcast.contact.ContactTest">
        <test-method signature="createContact()[pri:0, instance:com.crm.comcast.contact.ContactTest@693fe6c9]" started-at="2022-01-26T17:40:53 IST" name="createContact" finished-at="2022-01-26T17:40:53 IST" duration-ms="8" status="PASS">
          <reporter-output>
          </reporter-output>
        </test-method> <!-- createContact -->
        <test-method signature="modifyContact()[pri:0, instance:com.crm.comcast.contact.ContactTest@693fe6c9]" started-at="2022-01-26T17:40:53 IST" name="modifyContact" finished-at="2022-01-26T17:40:53 IST" duration-ms="2" status="PASS">
          <reporter-output>
          </reporter-output>
        </test-method> <!-- modifyContact -->
      </class> <!-- com.crm.comcast.contact.ContactTest -->
    </test> <!-- Test -->
  </suite> <!-- Suite -->
</testng-results>
